  CC runtime/sak.o
  MKEXE runtime/sak
/usr/bin/make coldstart
make[1]: Entering directory '/home/fengde/SAIL/.opam/5.1.1-noccache/.opam-switch/build/ocaml-base-compiler.5.1.1'
/usr/bin/make runtime-all
make[2]: Entering directory '/home/fengde/SAIL/.opam/5.1.1-noccache/.opam-switch/build/ocaml-base-compiler.5.1.1'
  GEN runtime/ld.conf
  GEN runtime/caml/opnames.h
  GEN runtime/caml/jumptbl.h
  GEN runtime/build_config.h
  CC runtime/addrmap.b.o
  CC runtime/afl.b.o
  CC runtime/alloc.b.o
  CC runtime/array.b.o
  CC runtime/backtrace.b.o
  CC runtime/bigarray.b.o
  CC runtime/callback.b.o
  CC runtime/codefrag.b.o
  CC runtime/compare.b.o
  CC runtime/custom.b.o
  CC runtime/debugger.b.o
  CC runtime/domain.b.o
  CC runtime/dynlink.b.o
  CC runtime/extern.b.o
  CC runtime/fiber.b.o
  CC runtime/finalise.b.o
  CC runtime/floats.b.o
  CC runtime/gc_ctrl.b.o
  CC runtime/gc_stats.b.o
  CC runtime/globroots.b.o
  CC runtime/hash.b.o
  CC runtime/intern.b.o
  CC runtime/ints.b.o
  CC runtime/io.b.o
  CC runtime/lexing.b.o
  CC runtime/lf_skiplist.b.o
  CC runtime/main.b.o
  CC runtime/major_gc.b.o
  CC runtime/md5.b.o
  CC runtime/memory.b.o
  CC runtime/memprof.b.o
  CC runtime/meta.b.o
  CC runtime/minor_gc.b.o
  CC runtime/misc.b.o
  CC runtime/obj.b.o
  CC runtime/parsing.b.o
  CC runtime/platform.b.o
  CC runtime/printexc.b.o
  CC runtime/prng.b.o
  CC runtime/roots.b.o
  CC runtime/runtime_events.b.o
  CC runtime/shared_heap.b.o
  CC runtime/signals.b.o
  CC runtime/skiplist.b.o
  CC runtime/startup_aux.b.o
  CC runtime/str.b.o
  CC runtime/sync.b.o
  CC runtime/sys.b.o
  CC runtime/unix.b.o
  CC runtime/weak.b.o
  CC runtime/backtrace_byt.b.o
  CC runtime/fail_byt.b.o
  CC runtime/fix_code.b.o
  CC runtime/interp.b.o
  CC runtime/startup_byt.b.o
  CC runtime/zstd.b.o
  MKLIB runtime/libcamlrun.a
  CC runtime/addrmap.bd.o
  CC runtime/afl.bd.o
  CC runtime/alloc.bd.o
  CC runtime/array.bd.o
  CC runtime/backtrace.bd.o
  CC runtime/bigarray.bd.o
  CC runtime/callback.bd.o
  CC runtime/codefrag.bd.o
  CC runtime/compare.bd.o
  CC runtime/custom.bd.o
  CC runtime/debugger.bd.o
  CC runtime/domain.bd.o
  CC runtime/dynlink.bd.o
  CC runtime/extern.bd.o
  CC runtime/fiber.bd.o
  CC runtime/finalise.bd.o
  CC runtime/floats.bd.o
  CC runtime/gc_ctrl.bd.o
  CC runtime/gc_stats.bd.o
  CC runtime/globroots.bd.o
  CC runtime/hash.bd.o
  CC runtime/intern.bd.o
  CC runtime/ints.bd.o
  CC runtime/io.bd.o
  CC runtime/lexing.bd.o
  CC runtime/lf_skiplist.bd.o
  CC runtime/main.bd.o
  CC runtime/major_gc.bd.o
  CC runtime/md5.bd.o
  CC runtime/memory.bd.o
  CC runtime/memprof.bd.o
  CC runtime/meta.bd.o
  CC runtime/minor_gc.bd.o
  CC runtime/misc.bd.o
  CC runtime/obj.bd.o
  CC runtime/parsing.bd.o
  CC runtime/platform.bd.o
  CC runtime/printexc.bd.o
  CC runtime/prng.bd.o
  CC runtime/roots.bd.o
  CC runtime/runtime_events.bd.o
  CC runtime/shared_heap.bd.o
  CC runtime/signals.bd.o
  CC runtime/skiplist.bd.o
  CC runtime/startup_aux.bd.o
  CC runtime/str.bd.o
  CC runtime/sync.bd.o
  CC runtime/sys.bd.o
  CC runtime/unix.bd.o
  CC runtime/weak.bd.o
  CC runtime/backtrace_byt.bd.o
  CC runtime/fail_byt.bd.o
  CC runtime/fix_code.bd.o
  CC runtime/interp.bd.o
  CC runtime/startup_byt.bd.o
  CC runtime/zstd.bd.o
  CC runtime/instrtrace.bd.o
  MKLIB runtime/libcamlrund.a
  CC runtime/addrmap.bi.o
  CC runtime/afl.bi.o
  CC runtime/alloc.bi.o
  CC runtime/array.bi.o
  CC runtime/backtrace.bi.o
  CC runtime/bigarray.bi.o
  CC runtime/callback.bi.o
  CC runtime/codefrag.bi.o
  CC runtime/compare.bi.o
  CC runtime/custom.bi.o
  CC runtime/debugger.bi.o
  CC runtime/domain.bi.o
  CC runtime/dynlink.bi.o
  CC runtime/extern.bi.o
  CC runtime/fiber.bi.o
  CC runtime/finalise.bi.o
  CC runtime/floats.bi.o
  CC runtime/gc_ctrl.bi.o
  CC runtime/gc_stats.bi.o
  CC runtime/globroots.bi.o
  CC runtime/hash.bi.o
  CC runtime/intern.bi.o
  CC runtime/ints.bi.o
  CC runtime/io.bi.o
  CC runtime/lexing.bi.o
  CC runtime/lf_skiplist.bi.o
  CC runtime/main.bi.o
  CC runtime/major_gc.bi.o
  CC runtime/md5.bi.o
  CC runtime/memory.bi.o
  CC runtime/memprof.bi.o
  CC runtime/meta.bi.o
  CC runtime/minor_gc.bi.o
  CC runtime/misc.bi.o
  CC runtime/obj.bi.o
  CC runtime/parsing.bi.o
  CC runtime/platform.bi.o
  CC runtime/printexc.bi.o
  CC runtime/prng.bi.o
  CC runtime/roots.bi.o
  CC runtime/runtime_events.bi.o
  CC runtime/shared_heap.bi.o
  CC runtime/signals.bi.o
  CC runtime/skiplist.bi.o
  CC runtime/startup_aux.bi.o
  CC runtime/str.bi.o
  CC runtime/sync.bi.o
  CC runtime/sys.bi.o
  CC runtime/unix.bi.o
  CC runtime/weak.bi.o
  CC runtime/backtrace_byt.bi.o
  CC runtime/fail_byt.bi.o
  CC runtime/fix_code.bi.o
  CC runtime/interp.bi.o
  CC runtime/startup_byt.bi.o
  CC runtime/zstd.bi.o
  MKLIB runtime/libcamlruni.a
  CC runtime/addrmap.bpic.o
  CC runtime/afl.bpic.o
  CC runtime/alloc.bpic.o
  CC runtime/array.bpic.o
  CC runtime/backtrace.bpic.o
  CC runtime/bigarray.bpic.o
  CC runtime/callback.bpic.o
  CC runtime/codefrag.bpic.o
  CC runtime/compare.bpic.o
  CC runtime/custom.bpic.o
  CC runtime/debugger.bpic.o
  CC runtime/domain.bpic.o
  CC runtime/dynlink.bpic.o
  CC runtime/extern.bpic.o
  CC runtime/fiber.bpic.o
  CC runtime/finalise.bpic.o
  CC runtime/floats.bpic.o
  CC runtime/gc_ctrl.bpic.o
  CC runtime/gc_stats.bpic.o
  CC runtime/globroots.bpic.o
  CC runtime/hash.bpic.o
  CC runtime/intern.bpic.o
  CC runtime/ints.bpic.o
  CC runtime/io.bpic.o
  CC runtime/lexing.bpic.o
  CC runtime/lf_skiplist.bpic.o
  CC runtime/main.bpic.o
  CC runtime/major_gc.bpic.o
  CC runtime/md5.bpic.o
  CC runtime/memory.bpic.o
  CC runtime/memprof.bpic.o
  CC runtime/meta.bpic.o
  CC runtime/minor_gc.bpic.o
  CC runtime/misc.bpic.o
  CC runtime/obj.bpic.o
  CC runtime/parsing.bpic.o
  CC runtime/platform.bpic.o
  CC runtime/printexc.bpic.o
  CC runtime/prng.bpic.o
  CC runtime/roots.bpic.o
  CC runtime/runtime_events.bpic.o
  CC runtime/shared_heap.bpic.o
  CC runtime/signals.bpic.o
