  CC runtime/sak.o
  MKEXE runtime/sak
/usr/bin/make coldstart
make[1]: Entering directory '/home/fengde/SAIL/.opam/5.1.1-gcc/.opam-switch/build/ocaml-base-compiler.5.1.1'
/usr/bin/make runtime-all
make[2]: Entering directory '/home/fengde/SAIL/.opam/5.1.1-gcc/.opam-switch/build/ocaml-base-compiler.5.1.1'
  GEN runtime/ld.conf
  GEN runtime/caml/opnames.h
  GEN runtime/caml/jumptbl.h
  GEN runtime/build_config.h
  CC runtime/addrmap.b.o
  CC runtime/afl.b.o
  CC runtime/alloc.b.o
  CC runtime/array.b.o
  CC runtime/backtrace.b.o
  CC runtime/bigarray.b.o
  CC runtime/callback.b.o
  CC runtime/codefrag.b.o
  CC runtime/compare.b.o
  CC runtime/custom.b.o
  CC runtime/debugger.b.o
  CC runtime/domain.b.o
  CC runtime/dynlink.b.o
  CC runtime/extern.b.o
  CC runtime/fiber.b.o
  CC runtime/finalise.b.o
  CC runtime/floats.b.o
  CC runtime/gc_ctrl.b.o
  CC runtime/gc_stats.b.o
  CC runtime/globroots.b.o
  CC runtime/hash.b.o
  CC runtime/intern.b.o
  CC runtime/ints.b.o
  CC runtime/io.b.o
  CC runtime/lexing.b.o
  CC runtime/lf_skiplist.b.o
  CC runtime/main.b.o
  CC runtime/major_gc.b.o
  CC runtime/md5.b.o
  CC runtime/memory.b.o
  CC runtime/memprof.b.o
  CC runtime/meta.b.o
  CC runtime/minor_gc.b.o
  CC runtime/misc.b.o
  CC runtime/obj.b.o
  CC runtime/parsing.b.o
  CC runtime/platform.b.o
  CC runtime/printexc.b.o
  CC runtime/prng.b.o
  CC runtime/roots.b.o
  CC runtime/runtime_events.b.o
  CC runtime/shared_heap.b.o
  CC runtime/signals.b.o
  CC runtime/skiplist.b.o
  CC runtime/startup_aux.b.o
  CC runtime/str.b.o
  CC runtime/sync.b.o
  CC runtime/sys.b.o
  CC runtime/unix.b.o
  CC runtime/weak.b.o
  CC runtime/backtrace_byt.b.o
  CC runtime/fail_byt.b.o
  CC runtime/fix_code.b.o
  CC runtime/interp.b.o
  CC runtime/startup_byt.b.o
  CC runtime/zstd.b.o
  MKLIB runtime/libcamlrun.a
  CC runtime/addrmap.bd.o
  CC runtime/afl.bd.o
  CC runtime/alloc.bd.o
  CC runtime/array.bd.o
  CC runtime/backtrace.bd.o
  CC runtime/bigarray.bd.o
  CC runtime/callback.bd.o
  CC runtime/codefrag.bd.o
  CC runtime/compare.bd.o
  CC runtime/custom.bd.o
  CC runtime/debugger.bd.o
  CC runtime/domain.bd.o
  CC runtime/dynlink.bd.o
  CC runtime/extern.bd.o
  CC runtime/fiber.bd.o
  CC runtime/finalise.bd.o
  CC runtime/floats.bd.o
  CC runtime/gc_ctrl.bd.o
  CC runtime/gc_stats.bd.o
  CC runtime/globroots.bd.o
  CC runtime/hash.bd.o
  CC runtime/intern.bd.o
  CC runtime/ints.bd.o
  CC runtime/io.bd.o
  CC runtime/lexing.bd.o
  CC runtime/lf_skiplist.bd.o
  CC runtime/main.bd.o
  CC runtime/major_gc.bd.o
  CC runtime/md5.bd.o
  CC runtime/memory.bd.o
  CC runtime/memprof.bd.o
  CC runtime/meta.bd.o
  CC runtime/minor_gc.bd.o
  CC runtime/misc.bd.o
  CC runtime/obj.bd.o
  CC runtime/parsing.bd.o
  CC runtime/platform.bd.o
  CC runtime/printexc.bd.o
  CC runtime/prng.bd.o
  CC runtime/roots.bd.o
  CC runtime/runtime_events.bd.o
  CC runtime/shared_heap.bd.o
  CC runtime/signals.bd.o
  CC runtime/skiplist.bd.o
  CC runtime/startup_aux.bd.o
  CC runtime/str.bd.o
  CC runtime/sync.bd.o
  CC runtime/sys.bd.o
  CC runtime/unix.bd.o
  CC runtime/weak.bd.o
  CC runtime/backtrace_byt.bd.o
  CC runtime/fail_byt.bd.o
  CC runtime/fix_code.bd.o
  CC runtime/interp.bd.o
  CC runtime/startup_byt.bd.o
  CC runtime/zstd.bd.o
  CC runtime/instrtrace.bd.o
  MKLIB runtime/libcamlrund.a
  CC runtime/addrmap.bi.o
  CC runtime/afl.bi.o
  CC runtime/alloc.bi.o
  CC runtime/array.bi.o
  CC runtime/backtrace.bi.o
  CC runtime/bigarray.bi.o
  CC runtime/callback.bi.o
  CC runtime/codefrag.bi.o
  CC runtime/compare.bi.o
  CC runtime/custom.bi.o
  CC runtime/debugger.bi.o
  CC runtime/domain.bi.o
  CC runtime/dynlink.bi.o
  CC runtime/extern.bi.o
  CC runtime/fiber.bi.o
  CC runtime/finalise.bi.o
  CC runtime/floats.bi.o
  CC runtime/gc_ctrl.bi.o
  CC runtime/gc_stats.bi.o
  CC runtime/globroots.bi.o
  CC runtime/hash.bi.o
  CC runtime/intern.bi.o
  CC runtime/ints.bi.o
  CC runtime/io.bi.o
  CC runtime/lexing.bi.o
  CC runtime/lf_skiplist.bi.o
  CC runtime/main.bi.o
  CC runtime/major_gc.bi.o
  CC runtime/md5.bi.o
  CC runtime/memory.bi.o
  CC runtime/memprof.bi.o
  CC runtime/meta.bi.o
  CC runtime/minor_gc.bi.o
  CC runtime/misc.bi.o
  CC runtime/obj.bi.o
  CC runtime/parsing.bi.o
  CC runtime/platform.bi.o
  CC runtime/printexc.bi.o
  CC runtime/prng.bi.o
  CC runtime/roots.bi.o
  CC runtime/runtime_events.bi.o
  CC runtime/shared_heap.bi.o
  CC runtime/signals.bi.o
  CC runtime/skiplist.bi.o
  CC runtime/startup_aux.bi.o
  CC runtime/str.bi.o
  CC runtime/sync.bi.o
  CC runtime/sys.bi.o
  CC runtime/unix.bi.o
  CC runtime/weak.bi.o
  CC runtime/backtrace_byt.bi.o
  CC runtime/fail_byt.bi.o
  CC runtime/fix_code.bi.o
  CC runtime/interp.bi.o
  CC runtime/startup_byt.bi.o
  CC runtime/zstd.bi.o
  MKLIB runtime/libcamlruni.a
  CC runtime/addrmap.bpic.o
  CC runtime/afl.bpic.o
  CC runtime/alloc.bpic.o
  CC runtime/array.bpic.o
  CC runtime/backtrace.bpic.o
  CC runtime/bigarray.bpic.o
  CC runtime/callback.bpic.o
  CC runtime/codefrag.bpic.o
  CC runtime/compare.bpic.o
  CC runtime/custom.bpic.o
  CC runtime/debugger.bpic.o
  CC runtime/domain.bpic.o
  CC runtime/dynlink.bpic.o
  CC runtime/extern.bpic.o
  CC runtime/fiber.bpic.o
  CC runtime/finalise.bpic.o
  CC runtime/floats.bpic.o
  CC runtime/gc_ctrl.bpic.o
  CC runtime/gc_stats.bpic.o
  CC runtime/globroots.bpic.o
  CC runtime/hash.bpic.o
  CC runtime/intern.bpic.o
  CC runtime/ints.bpic.o
  CC runtime/io.bpic.o
  CC runtime/lexing.bpic.o
  CC runtime/lf_skiplist.bpic.o
  CC runtime/main.bpic.o
  CC runtime/major_gc.bpic.o
  CC runtime/md5.bpic.o
  CC runtime/memory.bpic.o
  CC runtime/memprof.bpic.o
  CC runtime/meta.bpic.o
  CC runtime/minor_gc.bpic.o
  CC runtime/misc.bpic.o
  CC runtime/obj.bpic.o
  CC runtime/parsing.bpic.o
  CC runtime/platform.bpic.o
  CC runtime/printexc.bpic.o
  CC runtime/prng.bpic.o
  CC runtime/roots.bpic.o
  CC runtime/runtime_events.bpic.o
  CC runtime/shared_heap.bpic.o
  CC runtime/signals.bpic.o
  CC runtime/skiplist.bpic.o
  CC runtime/startup_aux.bpic.o
  CC runtime/str.bpic.o
  CC runtime/sync.bpic.o
  CC runtime/sys.bpic.o
  CC runtime/unix.bpic.o
  CC runtime/weak.bpic.o
  CC runtime/backtrace_byt.bpic.o
  CC runtime/fail_byt.bpic.o
  CC runtime/fix_code.bpic.o
  CC runtime/interp.bpic.o
  CC runtime/startup_byt.bpic.o
  CC runtime/zstd.bpic.o
  MKLIB runtime/libcamlrun_pic.a
  MKDLL runtime/libcamlrun_shared.so
  GEN runtime/primitives
  GEN runtime/prims.c
  CC runtime/prims.o
  MKEXE runtime/ocamlrun
  MKEXE runtime/ocamlrund
  MKEXE runtime/ocamlruni
make[2]: Leaving directory '/home/fengde/SAIL/.opam/5.1.1-gcc/.opam-switch/build/ocaml-base-compiler.5.1.1'
/usr/bin/make -C stdlib \
  OCAMLRUN='$(ROOTDIR)/runtime/ocamlrun' \
  CAMLC='$(BOOT_OCAMLC) -use-prims ../runtime/primitives' all
make[2]: Entering directory '/home/fengde/SAIL/.opam/5.1.1-gcc/.opam-switch/build/ocaml-base-compiler.5.1.1/stdlib'
  OCAMLC camlinternalFormatBasics.cmi
  OCAMLC camlinternalFormatBasics.cmo
  OCAMLC stdlib.cmi
  OCAMLC stdlib.cmo
  OCAMLC stdlib__Either.cmi
  OCAMLC stdlib__Either.cmo
  OCAMLC stdlib__Sys.cmi
  OCAMLC stdlib__Sys.cmo
  OCAMLC stdlib__Nativeint.cmi
  OCAMLC stdlib__Int32.cmi
  OCAMLC stdlib__Obj.cmi
  OCAMLC stdlib__Obj.cmo
  OCAMLC stdlib__Type.cmi
  OCAMLC stdlib__Type.cmo
  OCAMLC stdlib__Atomic.cmi
  OCAMLC stdlib__Atomic.cmo
  OCAMLC camlinternalLazy.cmi
  OCAMLC camlinternalLazy.cmo
  OCAMLC stdlib__Lazy.cmi
  OCAMLC stdlib__Lazy.cmo
  OCAMLC stdlib__Seq.cmi
  OCAMLC stdlib__Seq.cmo
  OCAMLC stdlib__Option.cmi
  OCAMLC stdlib__Option.cmo
  OCAMLC stdlib__Result.cmi
  OCAMLC stdlib__Result.cmo
  OCAMLC stdlib__Bool.cmi
  OCAMLC stdlib__Bool.cmo
  OCAMLC stdlib__Char.cmi
  OCAMLC stdlib__Char.cmo
  OCAMLC stdlib__Uchar.cmi
  OCAMLC stdlib__Uchar.cmo
  OCAMLC stdlib__List.cmi
  OCAMLC stdlib__List.cmo
  OCAMLC stdlib__Int.cmi
  OCAMLC stdlib__Int.cmo
  OCAMLC stdlib__Bytes.cmi
  OCAMLC stdlib__Bytes.cmo
  OCAMLC stdlib__String.cmi
  OCAMLC stdlib__String.cmo
  OCAMLC stdlib__Unit.cmi
  OCAMLC stdlib__Unit.cmo
  OCAMLC stdlib__Marshal.cmi
  OCAMLC stdlib__Marshal.cmo
  OCAMLC stdlib__Array.cmi
  OCAMLC stdlib__Array.cmo
  OCAMLC stdlib__Float.cmi
  OCAMLC stdlib__Float.cmo
  OCAMLC stdlib__Int32.cmo
  OCAMLC stdlib__Int64.cmi
  OCAMLC stdlib__Int64.cmo
  OCAMLC stdlib__Nativeint.cmo
  OCAMLC stdlib__Lexing.cmi
  OCAMLC stdlib__Lexing.cmo
  OCAMLC stdlib__Parsing.cmi
  OCAMLC stdlib__Parsing.cmo
  OCAMLC stdlib__Set.cmi
  OCAMLC stdlib__Set.cmo
  OCAMLC stdlib__Map.cmi
  OCAMLC stdlib__Map.cmo
  OCAMLC stdlib__Stack.cmi
  OCAMLC stdlib__Stack.cmo
  OCAMLC stdlib__Queue.cmi
  OCAMLC stdlib__Queue.cmo
  OCAMLC stdlib__Buffer.cmi
  OCAMLC stdlib__Buffer.cmo
  OCAMLC stdlib__Mutex.cmi
  OCAMLC stdlib__Mutex.cmo
  OCAMLC stdlib__Condition.cmi
  OCAMLC stdlib__Condition.cmo
  OCAMLC stdlib__Semaphore.cmi
  OCAMLC stdlib__Semaphore.cmo
  OCAMLC stdlib__Domain.cmi
  OCAMLC stdlib__Domain.cmo
  OCAMLC camlinternalFormat.cmi
  OCAMLC camlinternalFormat.cmo
  OCAMLC stdlib__Printf.cmi
  OCAMLC stdlib__Printf.cmo
  OCAMLC stdlib__Arg.cmi
  OCAMLC stdlib__Arg.cmo
  OCAMLC stdlib__Printexc.cmi
  OCAMLC stdlib__Printexc.cmo
  OCAMLC stdlib__Fun.cmi
  OCAMLC stdlib__Fun.cmo
  OCAMLC stdlib__Gc.cmi
  OCAMLC stdlib__Gc.cmo
  OCAMLC stdlib__Digest.cmi
  OCAMLC stdlib__Digest.cmo
  OCAMLC stdlib__Complex.cmi
  OCAMLC stdlib__Bigarray.cmi
  OCAMLC stdlib__Bigarray.cmo
  OCAMLC stdlib__Random.cmi
  OCAMLC stdlib__Random.cmo
  OCAMLC stdlib__Hashtbl.cmi
  OCAMLC stdlib__Hashtbl.cmo
  OCAMLC stdlib__Weak.cmi
  OCAMLC stdlib__Weak.cmo
  OCAMLC stdlib__Format.cmi
  OCAMLC stdlib__Format.cmo
  OCAMLC stdlib__Scanf.cmi
  OCAMLC stdlib__Scanf.cmo
  OCAMLC stdlib__Callback.cmi
  OCAMLC stdlib__Callback.cmo
  OCAMLC camlinternalOO.cmi
  OCAMLC camlinternalOO.cmo
  OCAMLC stdlib__Oo.cmi
  OCAMLC stdlib__Oo.cmo
  OCAMLC camlinternalMod.cmi
  OCAMLC camlinternalMod.cmo
  OCAMLC stdlib__Ephemeron.cmi
  OCAMLC stdlib__Ephemeron.cmo
  OCAMLC stdlib__Filename.cmi
  OCAMLC stdlib__Filename.cmo
  OCAMLC stdlib__Complex.cmo
  OCAMLC stdlib__ArrayLabels.cmi
  OCAMLC stdlib__ArrayLabels.cmo
  OCAMLC stdlib__ListLabels.cmi
  OCAMLC stdlib__ListLabels.cmo
  OCAMLC stdlib__BytesLabels.cmi
  OCAMLC stdlib__BytesLabels.cmo
  OCAMLC stdlib__StringLabels.cmi
  OCAMLC stdlib__StringLabels.cmo
  OCAMLC stdlib__MoreLabels.cmi
  OCAMLC stdlib__MoreLabels.cmo
  OCAMLC stdlib__StdLabels.cmi
  OCAMLC stdlib__StdLabels.cmo
  OCAMLC stdlib__In_channel.cmi
  OCAMLC stdlib__In_channel.cmo
  OCAMLC stdlib__Out_channel.cmi
  OCAMLC stdlib__Out_channel.cmo
  OCAMLC stdlib__Effect.cmi
  OCAMLC stdlib__Effect.cmo
  LINKC stdlib.cma
  OCAMLC std_exit.cmi
  OCAMLC std_exit.cmo
  GEN camlheader
  GEN target_camlheader
  GEN camlheader_ur
  GEN camlheaderd
  GEN target_camlheaderd
  GEN camlheaderi
  GEN target_camlheaderi
make[2]: Leaving directory '/home/fengde/SAIL/.opam/5.1.1-gcc/.opam-switch/build/ocaml-base-compiler.5.1.1/stdlib'
rm -f boot/ocamlrun
cp runtime/ocamlrun boot/ocamlrun
cd boot; rm -f stdlib.cma std_exit.cmo *.cmi camlheader
cd stdlib; cp stdlib.cma std_exit.cmo *.cmi camlheader ../boot
cd boot; ln -sf ../runtime/libcamlrun.a .
make[1]: Leaving directory '/home/fengde/SAIL/.opam/5.1.1-gcc/.opam-switch/build/ocaml-base-compiler.5.1.1'
/usr/bin/make opt.opt
make[1]: Entering directory '/home/fengde/SAIL/.opam/5.1.1-gcc/.opam-switch/build/ocaml-base-compiler.5.1.1'
/usr/bin/make checkstack
make[2]: Entering directory '/home/fengde/SAIL/.opam/5.1.1-gcc/.opam-switch/build/ocaml-base-compiler.5.1.1'
  CC tools/checkstack.o
  MKEXE tools/checkstack
tools/checkstack
rm tools/checkstack tools/checkstack.o
make[2]: Leaving directory '/home/fengde/SAIL/.opam/5.1.1-gcc/.opam-switch/build/ocaml-base-compiler.5.1.1'
/usr/bin/make coreall
make[2]: Entering directory '/home/fengde/SAIL/.opam/5.1.1-gcc/.opam-switch/build/ocaml-base-compiler.5.1.1'
cd stdlib; ln -sf ../runtime/libcamlrun.a .
/usr/bin/make ocamlc
make[3]: Entering directory '/home/fengde/SAIL/.opam/5.1.1-gcc/.opam-switch/build/ocaml-base-compiler.5.1.1'
  OCAMLC utils/warnings.cmi
  OCAMLC parsing/location.cmi
  OCAMLC parsing/asttypes.cmi
  OCAMLC parsing/longident.cmi
  OCAMLC parsing/parsetree.cmi
  OCAMLC typing/annot.cmi
  OCAMLC typing/type_immediacy.cmi
  OCAMLC typing/outcometree.cmi
  OCAMLC utils/build_path_prefix_map.cmi
  OCAMLC utils/misc.cmi
  OCAMLC utils/identifiable.cmi
  OCAMLC typing/ident.cmi
  OCAMLC file_formats/cmo_format.cmi
  OCAMLC typing/path.cmi
  OCAMLC typing/shape.cmi
  OCAMLC typing/primitive.cmi
  OCAMLC typing/types.cmi
  OCAMLC typing/subst.cmi
  OCAMLC utils/load_path.cmi
  OCAMLC file_formats/cmi_format.cmi
  OCAMLC typing/env.cmi
  OCAMLC lambda/debuginfo.cmi
  OCAMLC lambda/lambda.cmi
  OCAMLC middle_end/internal_variable_names.cmi
  OCAMLC middle_end/linkage_name.cmi
  OCAMLC middle_end/compilation_unit.cmi
  OCAMLC middle_end/variable.cmi
  OCAMLC middle_end/flambda/base_types/closure_element.cmi
  OCAMLC middle_end/flambda/base_types/var_within_closure.cmi
  OCAMLC middle_end/flambda/base_types/tag.cmi
  OCAMLC middle_end/symbol.cmi
  OCAMLC middle_end/flambda/base_types/set_of_closures_id.cmi
  OCAMLC middle_end/flambda/base_types/set_of_closures_origin.cmi
  OCAMLC middle_end/flambda/parameter.cmi
  OCAMLC middle_end/flambda/base_types/static_exception.cmi
  OCAMLC middle_end/flambda/base_types/mutable_variable.cmi
  OCAMLC middle_end/flambda/base_types/closure_id.cmi
  OCAMLC middle_end/flambda/projection.cmi
  OCAMLC utils/numbers.cmi
  OCAMLC middle_end/flambda/base_types/closure_origin.cmi
  OCAMLC middle_end/clambda_primitives.cmi
  OCAMLC middle_end/flambda/allocated_const.cmi
  OCAMLC middle_end/flambda/flambda.cmi
  OCAMLC middle_end/flambda/freshening.cmi
  OCAMLC middle_end/flambda/base_types/export_id.cmi
  OCAMLC middle_end/flambda/simple_value_approx.cmi
  OCAMLC middle_end/flambda/export_info.cmi
  OCAMLC middle_end/backend_var.cmi
  OCAMLC middle_end/clambda.cmi
  OCAMLC file_formats/cmx_format.cmi
  OCAMLC file_formats/cmxs_format.cmi
  GEN utils/config_main.ml
cp utils/config.mli utils/config_main.mli
  OCAMLC utils/config_main.cmi
  OCAMLC utils/config_main.cmo
  GEN utils/config_boot.ml
cp utils/config.mli utils/config_boot.mli
  OCAMLC utils/config_boot.cmi
  OCAMLC utils/config_boot.cmo
  GEN utils/config.ml
  OCAMLC utils/config.cmi
  OCAMLC utils/config.cmo
  OCAMLC utils/build_path_prefix_map.cmo
  OCAMLC utils/misc.cmo
  OCAMLC utils/identifiable.cmo
  OCAMLC utils/numbers.cmo
  OCAMLC utils/arg_helper.cmi
  OCAMLC utils/arg_helper.cmo
  OCAMLC utils/local_store.cmi
  OCAMLC utils/local_store.cmo
  OCAMLC utils/load_path.cmo
  OCAMLC utils/profile.cmi
  OCAMLC utils/clflags.cmi
  OCAMLC utils/clflags.cmo
  OCAMLC utils/profile.cmo
  OCAMLC utils/terminfo.cmi
  OCAMLC utils/terminfo.cmo
  OCAMLC utils/ccomp.cmi
  OCAMLC utils/ccomp.cmo
  OCAMLC utils/warnings.cmo
  OCAMLC utils/consistbl.cmi
  OCAMLC utils/consistbl.cmo
  OCAMLC utils/strongly_connected_components.cmi
  OCAMLC utils/strongly_connected_components.cmo
  OCAMLC utils/targetint.cmi
  OCAMLC utils/targetint.cmo
  OCAMLC utils/int_replace_polymorphic_compare.cmi
  OCAMLC utils/int_replace_polymorphic_compare.cmo
  GEN utils/domainstate.ml
  GEN utils/domainstate.mli
  OCAMLC utils/domainstate.cmi
  OCAMLC utils/domainstate.cmo
  OCAMLC utils/binutils.cmi
  OCAMLC utils/binutils.cmo
  OCAMLC utils/lazy_backtrack.cmi
  OCAMLC utils/lazy_backtrack.cmo
  OCAMLC utils/diffing.cmi
  OCAMLC utils/diffing.cmo
  OCAMLC utils/diffing_with_keys.cmi
  OCAMLC utils/diffing_with_keys.cmo
  OCAMLC utils/compression.cmi
  OCAMLC utils/compression.cmo
  OCAMLC parsing/location.cmo
  OCAMLC parsing/longident.cmo
  OCAMLC parsing/docstrings.cmi
  OCAMLC parsing/docstrings.cmo
  OCAMLC parsing/syntaxerr.cmi
  OCAMLC parsing/syntaxerr.cmo
  OCAMLC parsing/ast_helper.cmi
  OCAMLC parsing/ast_helper.cmo
  OCAMLC parsing/pprintast.cmi
  OCAMLC parsing/pprintast.cmo
  GEN parsing/camlinternalMenhirLib.ml
  GEN parsing/camlinternalMenhirLib.mli
  OCAMLC parsing/camlinternalMenhirLib.cmi
  OCAMLC parsing/camlinternalMenhirLib.cmo
  GEN parsing/parser.ml
  GEN parsing/parser.mli
  OCAMLC parsing/parser.cmi
  OCAMLC parsing/parser.cmo
  OCAMLLEX parsing/lexer.ml
  OCAMLC parsing/lexer.cmi
  OCAMLC parsing/lexer.cmo
  OCAMLC parsing/parse.cmi
  OCAMLC parsing/parse.cmo
  OCAMLC parsing/printast.cmi
  OCAMLC parsing/printast.cmo
  OCAMLC parsing/ast_mapper.cmi
  OCAMLC parsing/ast_mapper.cmo
  OCAMLC parsing/ast_iterator.cmi
  OCAMLC parsing/ast_iterator.cmo
  OCAMLC parsing/attr_helper.cmi
  OCAMLC parsing/attr_helper.cmo
  OCAMLC parsing/builtin_attributes.cmi
  OCAMLC parsing/builtin_attributes.cmo
  OCAMLC parsing/ast_invariants.cmi
  OCAMLC parsing/ast_invariants.cmo
  OCAMLC parsing/depend.cmi
  OCAMLC parsing/depend.cmo
  OCAMLC typing/ident.cmo
  OCAMLC typing/path.cmo
  OCAMLC typing/primitive.cmo
  OCAMLC typing/type_immediacy.cmo
  OCAMLC typing/shape.cmo
  OCAMLC typing/types.cmo
  OCAMLC typing/btype.cmi
  OCAMLC typing/btype.cmo
  OCAMLC typing/oprint.cmi
  OCAMLC typing/oprint.cmo
  OCAMLC typing/subst.cmo
  OCAMLC typing/predef.cmi
  OCAMLC typing/predef.cmo
  OCAMLC typing/datarepr.cmi
  OCAMLC typing/datarepr.cmo
  OCAMLC file_formats/cmi_format.cmo
  OCAMLC typing/persistent_env.cmi
  OCAMLC typing/persistent_env.cmo
  OCAMLC typing/env.cmo
  OCAMLC typing/errortrace.cmi
  OCAMLC typing/errortrace.cmo
  OCAMLC typing/typedtree.cmi
  OCAMLC typing/typedtree.cmo
  OCAMLC typing/signature_group.cmi
  OCAMLC typing/signature_group.cmo
  OCAMLC typing/printtyped.cmi
  OCAMLC typing/printtyped.cmo
  OCAMLC typing/ctype.cmi
  OCAMLC typing/ctype.cmo
  OCAMLC typing/printtyp.cmi
  OCAMLC typing/printtyp.cmo
  OCAMLC typing/includeclass.cmi
  OCAMLC typing/includeclass.cmo
  OCAMLC typing/mtype.cmi
  OCAMLC typing/mtype.cmo
  OCAMLC typing/envaux.cmi
  OCAMLC typing/envaux.cmo
  OCAMLC typing/includecore.cmi
  OCAMLC typing/includecore.cmo
  OCAMLC typing/tast_iterator.cmi
  OCAMLC typing/tast_iterator.cmo
  OCAMLC typing/tast_mapper.cmi
  OCAMLC typing/tast_mapper.cmo
  OCAMLC typing/stypes.cmi
  OCAMLC typing/stypes.cmo
  OCAMLC file_formats/cmt_format.cmi
  OCAMLC file_formats/cmt_format.cmo
  OCAMLC typing/cmt2annot.cmi
  OCAMLC typing/cmt2annot.cmo
  OCAMLC typing/untypeast.cmi
  OCAMLC typing/untypeast.cmo
  OCAMLC typing/includemod.cmi
  OCAMLC typing/includemod.cmo
  OCAMLC typing/includemod_errorprinter.cmi
  OCAMLC typing/includemod_errorprinter.cmo
  OCAMLC typing/typetexp.cmi
  OCAMLC typing/typetexp.cmo
  OCAMLC typing/printpat.cmi
  OCAMLC typing/printpat.cmo
  OCAMLC typing/patterns.cmi
  OCAMLC typing/patterns.cmo
  OCAMLC typing/parmatch.cmi
  OCAMLC typing/parmatch.cmo
  OCAMLC typing/typedecl_properties.cmi
  OCAMLC typing/typedecl_properties.cmo
  OCAMLC typing/typedecl_variance.cmi
  OCAMLC typing/typedecl_variance.cmo
  OCAMLC typing/typedecl_unboxed.cmi
  OCAMLC typing/typedecl_unboxed.cmo
  OCAMLC typing/typedecl_immediacy.cmi
  OCAMLC typing/typedecl_immediacy.cmo
  OCAMLC typing/typedecl_separability.cmi
  OCAMLC typing/typedecl_separability.cmo
  OCAMLC typing/typedecl.cmi
  OCAMLC typing/typedecl.cmo
  OCAMLC typing/typeopt.cmi
  OCAMLC typing/typeopt.cmo
  OCAMLC typing/rec_check.cmi
  OCAMLC typing/rec_check.cmo
  OCAMLC typing/typecore.cmi
  OCAMLC typing/typecore.cmo
  OCAMLC typing/typeclass.cmi
  OCAMLC typing/typeclass.cmo
  OCAMLC typing/typemod.cmi
  OCAMLC typing/typemod.cmo
  OCAMLC lambda/debuginfo.cmo
  OCAMLC lambda/lambda.cmo
  OCAMLC lambda/printlambda.cmi
  OCAMLC lambda/printlambda.cmo
  OCAMLC lambda/switch.cmi
  OCAMLC lambda/switch.cmo
  OCAMLC lambda/matching.cmi
  OCAMLC lambda/matching.cmo
  OCAMLC lambda/translobj.cmi
  OCAMLC lambda/translobj.cmo
  OCAMLC lambda/translattribute.cmi
  OCAMLC lambda/translattribute.cmo
  OCAMLC lambda/translprim.cmi
  OCAMLC lambda/translprim.cmo
  OCAMLC lambda/translcore.cmi
  OCAMLC lambda/translcore.cmo
  OCAMLC lambda/translclass.cmi
  OCAMLC lambda/translclass.cmo
  OCAMLC lambda/translmod.cmi
  OCAMLC lambda/translmod.cmo
  OCAMLC lambda/tmc.cmi
  OCAMLC lambda/tmc.cmo
  OCAMLC lambda/simplif.cmi
  OCAMLC lambda/simplif.cmo
  GEN lambda/runtimedef.ml
  OCAMLC lambda/runtimedef.cmi
  OCAMLC lambda/runtimedef.cmo
  OCAMLC bytecomp/instruct.cmi
  OCAMLC bytecomp/meta.cmi
  OCAMLC bytecomp/meta.cmo
  OCAMLLEX tools/make_opcodes.ml
  OCAMLC tools/make_opcodes.cmi
  OCAMLC tools/make_opcodes.cmo
  LINKC tools/make_opcodes
  GEN bytecomp/opcodes.ml
  GEN bytecomp/opcodes.mli
  OCAMLC bytecomp/opcodes.cmi
  OCAMLC bytecomp/opcodes.cmo
  OCAMLC bytecomp/bytesections.cmi
  OCAMLC bytecomp/bytesections.cmo
  OCAMLC bytecomp/dll.cmi
  OCAMLC bytecomp/dll.cmo
  OCAMLC bytecomp/symtable.cmi
  OCAMLC bytecomp/symtable.cmo
  OCAMLC driver/pparse.cmi
  OCAMLC driver/pparse.cmo
  OCAMLC driver/compenv.cmi
  OCAMLC driver/compenv.cmo
  OCAMLC driver/main_args.cmi
  OCAMLC driver/main_args.cmo
  OCAMLC driver/compmisc.cmi
  OCAMLC driver/compmisc.cmo
  OCAMLC driver/makedepend.cmi
  OCAMLC driver/makedepend.cmo
  OCAMLC driver/compile_common.cmi
  OCAMLC driver/compile_common.cmo
  LINKC compilerlibs/ocamlcommon.cma
  OCAMLC bytecomp/instruct.cmo
  OCAMLC bytecomp/bytegen.cmi
  OCAMLC bytecomp/bytegen.cmo
  OCAMLC bytecomp/printinstr.cmi
  OCAMLC bytecomp/printinstr.cmo
  OCAMLC bytecomp/emitcode.cmi
  OCAMLC bytecomp/emitcode.cmo
  OCAMLC bytecomp/bytelink.cmi
  OCAMLC bytecomp/bytelink.cmo
  OCAMLC bytecomp/bytelibrarian.cmi
  OCAMLC bytecomp/bytelibrarian.cmo
  OCAMLC bytecomp/bytepackager.cmi
  OCAMLC bytecomp/bytepackager.cmo
  OCAMLC driver/errors.cmi
  OCAMLC driver/errors.cmo
  OCAMLC driver/compile.cmi
  OCAMLC driver/compile.cmo
  OCAMLC driver/maindriver.cmi
  OCAMLC driver/maindriver.cmo
  LINKC compilerlibs/ocamlbytecomp.cma
  OCAMLC driver/main.cmi
  OCAMLC driver/main.cmo
  LINKC ocamlc
make[3]: Leaving directory '/home/fengde/SAIL/.opam/5.1.1-gcc/.opam-switch/build/ocaml-base-compiler.5.1.1'
/usr/bin/make ocamllex ocamltools library
make[3]: Entering directory '/home/fengde/SAIL/.opam/5.1.1-gcc/.opam-switch/build/ocaml-base-compiler.5.1.1'
  CC yacc/closure.o
  CC yacc/error.o
  CC yacc/lalr.o
  CC yacc/lr0.o
  CC yacc/main.o
  CC yacc/mkpar.o
  CC yacc/output.o
  CC yacc/reader.o
  CC yacc/skeleton.o
  CC yacc/symtab.o
  CC yacc/verbose.o
  CC yacc/warshall.o
  MKEXE yacc/ocamlyacc
/usr/bin/make lex-all
make[4]: Entering directory '/home/fengde/SAIL/.opam/5.1.1-gcc/.opam-switch/build/ocaml-base-compiler.5.1.1'
  OCAMLC lex/cset.cmi
  OCAMLC lex/cset.cmo
  OCAMLC lex/syntax.cmi
  OCAMLC lex/syntax.cmo
  OCAMLYACC lex/parser.ml
  OCAMLC lex/parser.cmi
  OCAMLC lex/parser.cmo
  OCAMLLEX lex/lexer.ml
  OCAMLC lex/lexer.cmi
  OCAMLC lex/lexer.cmo
  OCAMLC lex/table.cmi
  OCAMLC lex/table.cmo
  OCAMLC lex/lexgen.cmi
  OCAMLC lex/lexgen.cmo
  OCAMLC lex/compact.cmi
  OCAMLC lex/compact.cmo
  OCAMLC lex/common.cmi
  OCAMLC lex/common.cmo
  OCAMLC lex/output.cmi
  OCAMLC lex/output.cmo
  OCAMLC lex/outputbis.cmi
  OCAMLC lex/outputbis.cmo
  OCAMLC lex/main.cmi
  OCAMLC lex/main.cmo
  LINKC lex/ocamllex
make[4]: Leaving directory '/home/fengde/SAIL/.opam/5.1.1-gcc/.opam-switch/build/ocaml-base-compiler.5.1.1'
/usr/bin/make tools-all
make[4]: Entering directory '/home/fengde/SAIL/.opam/5.1.1-gcc/.opam-switch/build/ocaml-base-compiler.5.1.1'
  OCAMLC tools/ocamldep.cmi
  OCAMLC tools/ocamldep.cmo
  LINKC tools/ocamldep
  OCAMLC middle_end/backend_intf.cmi
  OCAMLC middle_end/flambda/inlining_cost.cmi
  OCAMLC middle_end/flambda/inlining_stats_types.cmi
  OCAMLC middle_end/flambda/inline_and_simplify_aux.cmi
  OCAMLC middle_end/flambda/inlining_decision_intf.cmi
  OCAMLC middle_end/flambda/simplify_boxed_integer_ops_intf.cmi
  OCAMLC middle_end/internal_variable_names.cmo
  OCAMLC middle_end/linkage_name.cmo
  OCAMLC middle_end/compilation_unit.cmo
  OCAMLC middle_end/variable.cmo
  OCAMLC middle_end/flambda/base_types/closure_element.cmo
  OCAMLC middle_end/flambda/base_types/closure_id.cmo
  OCAMLC middle_end/symbol.cmo
  OCAMLC middle_end/backend_var.cmo
  OCAMLC middle_end/clambda_primitives.cmo
  OCAMLC middle_end/printclambda_primitives.cmi
  OCAMLC middle_end/printclambda_primitives.cmo
  OCAMLC middle_end/clambda.cmo
  OCAMLC middle_end/printclambda.cmi
  OCAMLC middle_end/printclambda.cmo
  OCAMLC middle_end/semantics_of_primitives.cmi
  OCAMLC middle_end/semantics_of_primitives.cmo
  OCAMLC middle_end/convert_primitives.cmi
  OCAMLC middle_end/convert_primitives.cmo
  OCAMLC middle_end/flambda/base_types/id_types.cmi
  OCAMLC middle_end/flambda/base_types/id_types.cmo
  OCAMLC middle_end/flambda/base_types/export_id.cmo
  OCAMLC middle_end/flambda/base_types/tag.cmo
  OCAMLC middle_end/flambda/base_types/mutable_variable.cmo
  OCAMLC middle_end/flambda/base_types/set_of_closures_id.cmo
  OCAMLC middle_end/flambda/base_types/set_of_closures_origin.cmo
  OCAMLC middle_end/flambda/base_types/closure_origin.cmo
  OCAMLC middle_end/flambda/base_types/var_within_closure.cmo
  OCAMLC middle_end/flambda/base_types/static_exception.cmo
  OCAMLC middle_end/flambda/pass_wrapper.cmi
  OCAMLC middle_end/flambda/pass_wrapper.cmo
  OCAMLC middle_end/flambda/allocated_const.cmo
  OCAMLC middle_end/flambda/parameter.cmo
  OCAMLC middle_end/flambda/projection.cmo
  OCAMLC middle_end/flambda/flambda.cmo
  OCAMLC middle_end/flambda/flambda_iterators.cmi
  OCAMLC middle_end/flambda/flambda_iterators.cmo
  OCAMLC middle_end/flambda/flambda_utils.cmi
  OCAMLC middle_end/flambda/flambda_utils.cmo
  OCAMLC middle_end/flambda/freshening.cmo
  OCAMLC middle_end/flambda/effect_analysis.cmi
  OCAMLC middle_end/flambda/effect_analysis.cmo
  OCAMLC middle_end/flambda/inlining_cost.cmo
  OCAMLC middle_end/flambda/simple_value_approx.cmo
  OCAMLC middle_end/flambda/export_info.cmo
  OCAMLC middle_end/flambda/export_info_for_pack.cmi
  OCAMLC middle_end/flambda/export_info_for_pack.cmo
  OCAMLC middle_end/compilenv.cmi
  OCAMLC middle_end/compilenv.cmo
  OCAMLC middle_end/closure/closure.cmi
  OCAMLC middle_end/closure/closure.cmo
  OCAMLC middle_end/closure/closure_middle_end.cmi
  OCAMLC middle_end/closure/closure_middle_end.cmo
  OCAMLC middle_end/flambda/import_approx.cmi
  OCAMLC middle_end/flambda/import_approx.cmo
  OCAMLC middle_end/flambda/lift_code.cmi
  OCAMLC middle_end/flambda/lift_code.cmo
  OCAMLC middle_end/flambda/closure_conversion_aux.cmi
  OCAMLC middle_end/flambda/closure_conversion_aux.cmo
  OCAMLC middle_end/flambda/closure_conversion.cmi
  OCAMLC middle_end/flambda/closure_conversion.cmo
  OCAMLC middle_end/flambda/initialize_symbol_to_let_symbol.cmi
  OCAMLC middle_end/flambda/initialize_symbol_to_let_symbol.cmo
  OCAMLC middle_end/flambda/lift_let_to_initialize_symbol.cmi
  OCAMLC middle_end/flambda/lift_let_to_initialize_symbol.cmo
  OCAMLC middle_end/flambda/find_recursive_functions.cmi
  OCAMLC middle_end/flambda/find_recursive_functions.cmo
  OCAMLC middle_end/flambda/invariant_params.cmi
  OCAMLC middle_end/flambda/invariant_params.cmo
  OCAMLC middle_end/flambda/inconstant_idents.cmi
  OCAMLC middle_end/flambda/inconstant_idents.cmo
  OCAMLC middle_end/flambda/alias_analysis.cmi
  OCAMLC middle_end/flambda/alias_analysis.cmo
  OCAMLC middle_end/flambda/lift_constants.cmi
  OCAMLC middle_end/flambda/lift_constants.cmo
  OCAMLC middle_end/flambda/share_constants.cmi
  OCAMLC middle_end/flambda/share_constants.cmo
  OCAMLC middle_end/flambda/simplify_common.cmi
  OCAMLC middle_end/flambda/simplify_common.cmo
  OCAMLC middle_end/flambda/remove_unused_arguments.cmi
  OCAMLC middle_end/flambda/remove_unused_arguments.cmo
  OCAMLC middle_end/flambda/remove_unused_closure_vars.cmi
  OCAMLC middle_end/flambda/remove_unused_closure_vars.cmo
  OCAMLC middle_end/flambda/remove_unused_program_constructs.cmi
  OCAMLC middle_end/flambda/remove_unused_program_constructs.cmo
  OCAMLC middle_end/flambda/simplify_boxed_integer_ops.cmi
  OCAMLC middle_end/flambda/simplify_boxed_integer_ops.cmo
  OCAMLC middle_end/flambda/simplify_primitives.cmi
  OCAMLC middle_end/flambda/simplify_primitives.cmo
  OCAMLC middle_end/flambda/inlining_stats_types.cmo
  OCAMLC middle_end/flambda/inlining_stats.cmi
  OCAMLC middle_end/flambda/inlining_stats.cmo
  OCAMLC middle_end/flambda/inline_and_simplify_aux.cmo
  OCAMLC middle_end/flambda/remove_free_vars_equal_to_args.cmi
  OCAMLC middle_end/flambda/remove_free_vars_equal_to_args.cmo
  OCAMLC middle_end/flambda/extract_projections.cmi
  OCAMLC middle_end/flambda/extract_projections.cmo
  OCAMLC middle_end/flambda/augment_specialised_args.cmi
  OCAMLC middle_end/flambda/augment_specialised_args.cmo
  OCAMLC middle_end/flambda/unbox_free_vars_of_closures.cmi
  OCAMLC middle_end/flambda/unbox_free_vars_of_closures.cmo
  OCAMLC middle_end/flambda/unbox_specialised_args.cmi
  OCAMLC middle_end/flambda/unbox_specialised_args.cmo
  OCAMLC middle_end/flambda/unbox_closures.cmi
  OCAMLC middle_end/flambda/unbox_closures.cmo
  OCAMLC middle_end/flambda/inlining_transforms.cmi
  OCAMLC middle_end/flambda/inlining_transforms.cmo
  OCAMLC middle_end/flambda/inlining_decision.cmi
  OCAMLC middle_end/flambda/inlining_decision.cmo
  OCAMLC middle_end/flambda/inline_and_simplify.cmi
  OCAMLC middle_end/flambda/inline_and_simplify.cmo
  OCAMLC middle_end/flambda/ref_to_variables.cmi
  OCAMLC middle_end/flambda/ref_to_variables.cmo
  OCAMLC middle_end/flambda/flambda_invariants.cmi
  OCAMLC middle_end/flambda/flambda_invariants.cmo
  OCAMLC middle_end/flambda/traverse_for_exported_symbols.cmi
  OCAMLC middle_end/flambda/traverse_for_exported_symbols.cmo
  OCAMLC middle_end/flambda/build_export_info.cmi
  OCAMLC middle_end/flambda/build_export_info.cmo
  OCAMLC middle_end/flambda/closure_offsets.cmi
  OCAMLC middle_end/flambda/closure_offsets.cmo
  OCAMLC middle_end/flambda/un_anf.cmi
  OCAMLC middle_end/flambda/un_anf.cmo
  OCAMLC middle_end/flambda/flambda_to_clambda.cmi
  OCAMLC middle_end/flambda/flambda_to_clambda.cmo
  OCAMLC middle_end/flambda/flambda_middle_end.cmi
  OCAMLC middle_end/flambda/flambda_middle_end.cmo
  LINKC compilerlibs/ocamlmiddleend.cma
  OCAMLC tools/objinfo.cmi
  OCAMLC tools/objinfo.cmo
  LINKC tools/ocamlobjinfo
  OCAMLC tools/ocamlcmt.cmi
  OCAMLC tools/ocamlcmt.cmo
  LINKC tools/ocamlcmt
  OCAMLC tools/ocamlprof.cmi
  OCAMLC tools/ocamlprof.cmo
  LINKC tools/ocamlprof
  OCAMLC tools/ocamlcp_common.cmi
  OCAMLC tools/ocamlcp_common.cmo
  OCAMLC tools/ocamlcp.cmi
  OCAMLC tools/ocamlcp.cmo
  LINKC tools/ocamlcp
  OCAMLC tools/ocamlmklib.cmi
  OCAMLC tools/ocamlmklib.cmo
  LINKC tools/ocamlmklib
  OCAMLC tools/ocamlmktop.cmi
  OCAMLC tools/ocamlmktop.cmo
  LINKC tools/ocamlmktop
  OCAMLC tools/ocamloptp.cmi
  OCAMLC tools/ocamloptp.cmo
  LINKC tools/ocamloptp
  GEN tools/opnames.ml
  OCAMLC tools/opnames.cmi
  OCAMLC tools/opnames.cmo
  OCAMLC tools/dumpobj.cmi
  OCAMLC tools/dumpobj.cmo
  LINKC tools/dumpobj
  OCAMLC tools/primreq.cmi
  OCAMLC tools/primreq.cmo
  LINKC tools/primreq
  OCAMLC tools/stripdebug.cmi
  OCAMLC tools/stripdebug.cmo
  LINKC tools/stripdebug
  OCAMLC tools/cmpbyt.cmi
  OCAMLC tools/cmpbyt.cmo
  LINKC tools/cmpbyt
  OCAMLC tools/profiling.cmi
  OCAMLC tools/profiling.cmo
make[4]: Leaving directory '/home/fengde/SAIL/.opam/5.1.1-gcc/.opam-switch/build/ocaml-base-compiler.5.1.1'
/usr/bin/make -C stdlib all
make[4]: Entering directory '/home/fengde/SAIL/.opam/5.1.1-gcc/.opam-switch/build/ocaml-base-compiler.5.1.1/stdlib'
  OCAMLC camlinternalFormatBasics.cmi
  OCAMLC camlinternalFormatBasics.cmo
  OCAMLC stdlib.cmi
  OCAMLC stdlib.cmo
  OCAMLC stdlib__Either.cmi
  OCAMLC stdlib__Either.cmo
  OCAMLC stdlib__Sys.cmi
  OCAMLC stdlib__Sys.cmo
  OCAMLC stdlib__Nativeint.cmi
  OCAMLC stdlib__Int32.cmi
  OCAMLC stdlib__Obj.cmi
  OCAMLC stdlib__Obj.cmo
  OCAMLC stdlib__Type.cmi
  OCAMLC stdlib__Type.cmo
  OCAMLC stdlib__Atomic.cmi
  OCAMLC stdlib__Atomic.cmo
  OCAMLC camlinternalLazy.cmi
  OCAMLC camlinternalLazy.cmo
  OCAMLC stdlib__Lazy.cmi
  OCAMLC stdlib__Lazy.cmo
  OCAMLC stdlib__Seq.cmi
  OCAMLC stdlib__Seq.cmo
  OCAMLC stdlib__Option.cmi
  OCAMLC stdlib__Option.cmo
  OCAMLC stdlib__Result.cmi
  OCAMLC stdlib__Result.cmo
  OCAMLC stdlib__Bool.cmi
  OCAMLC stdlib__Bool.cmo
  OCAMLC stdlib__Char.cmi
  OCAMLC stdlib__Char.cmo
  OCAMLC stdlib__Uchar.cmi
  OCAMLC stdlib__Uchar.cmo
  OCAMLC stdlib__List.cmi
  OCAMLC stdlib__List.cmo
  OCAMLC stdlib__Int.cmi
  OCAMLC stdlib__Int.cmo
  OCAMLC stdlib__Bytes.cmi
  OCAMLC stdlib__Bytes.cmo
  OCAMLC stdlib__String.cmi
  OCAMLC stdlib__String.cmo
  OCAMLC stdlib__Unit.cmi
  OCAMLC stdlib__Unit.cmo
  OCAMLC stdlib__Marshal.cmi
  OCAMLC stdlib__Marshal.cmo
  OCAMLC stdlib__Array.cmi
  OCAMLC stdlib__Array.cmo
  OCAMLC stdlib__Float.cmi
  OCAMLC stdlib__Float.cmo
  OCAMLC stdlib__Int32.cmo
  OCAMLC stdlib__Int64.cmi
  OCAMLC stdlib__Int64.cmo
  OCAMLC stdlib__Nativeint.cmo
  OCAMLC stdlib__Lexing.cmi
  OCAMLC stdlib__Lexing.cmo
  OCAMLC stdlib__Parsing.cmi
  OCAMLC stdlib__Parsing.cmo
  OCAMLC stdlib__Set.cmi
  OCAMLC stdlib__Set.cmo
  OCAMLC stdlib__Map.cmi
  OCAMLC stdlib__Map.cmo
  OCAMLC stdlib__Stack.cmi
  OCAMLC stdlib__Stack.cmo
  OCAMLC stdlib__Queue.cmi
  OCAMLC stdlib__Queue.cmo
  OCAMLC stdlib__Buffer.cmi
  OCAMLC stdlib__Buffer.cmo
  OCAMLC stdlib__Mutex.cmi
  OCAMLC stdlib__Mutex.cmo
  OCAMLC stdlib__Condition.cmi
  OCAMLC stdlib__Condition.cmo
  OCAMLC stdlib__Semaphore.cmi
  OCAMLC stdlib__Semaphore.cmo
  OCAMLC stdlib__Domain.cmi
  OCAMLC stdlib__Domain.cmo
  OCAMLC camlinternalFormat.cmi
  OCAMLC camlinternalFormat.cmo
  OCAMLC stdlib__Printf.cmi
  OCAMLC stdlib__Printf.cmo
  OCAMLC stdlib__Arg.cmi
  OCAMLC stdlib__Arg.cmo
  OCAMLC stdlib__Printexc.cmi
  OCAMLC stdlib__Printexc.cmo
  OCAMLC stdlib__Fun.cmi
  OCAMLC stdlib__Fun.cmo
  OCAMLC stdlib__Gc.cmi
  OCAMLC stdlib__Gc.cmo
  OCAMLC stdlib__Digest.cmi
  OCAMLC stdlib__Digest.cmo
  OCAMLC stdlib__Complex.cmi
  OCAMLC stdlib__Bigarray.cmi
  OCAMLC stdlib__Bigarray.cmo
  OCAMLC stdlib__Random.cmi
  OCAMLC stdlib__Random.cmo
  OCAMLC stdlib__Hashtbl.cmi
  OCAMLC stdlib__Hashtbl.cmo
  OCAMLC stdlib__Weak.cmi
  OCAMLC stdlib__Weak.cmo
  OCAMLC stdlib__Format.cmi
  OCAMLC stdlib__Format.cmo
  OCAMLC stdlib__Scanf.cmi
  OCAMLC stdlib__Scanf.cmo
  OCAMLC stdlib__Callback.cmi
  OCAMLC stdlib__Callback.cmo
  OCAMLC camlinternalOO.cmi
  OCAMLC camlinternalOO.cmo
  OCAMLC stdlib__Oo.cmi
  OCAMLC stdlib__Oo.cmo
  OCAMLC camlinternalMod.cmi
  OCAMLC camlinternalMod.cmo
  OCAMLC stdlib__Ephemeron.cmi
  OCAMLC stdlib__Ephemeron.cmo
  OCAMLC stdlib__Filename.cmi
  OCAMLC stdlib__Filename.cmo
  OCAMLC stdlib__Complex.cmo
  OCAMLC stdlib__ArrayLabels.cmi
  OCAMLC stdlib__ArrayLabels.cmo
  OCAMLC stdlib__ListLabels.cmi
  OCAMLC stdlib__ListLabels.cmo
  OCAMLC stdlib__BytesLabels.cmi
  OCAMLC stdlib__BytesLabels.cmo
  OCAMLC stdlib__StringLabels.cmi
  OCAMLC stdlib__StringLabels.cmo
  OCAMLC stdlib__MoreLabels.cmi
  OCAMLC stdlib__MoreLabels.cmo
  OCAMLC stdlib__StdLabels.cmi
  OCAMLC stdlib__StdLabels.cmo
  OCAMLC stdlib__In_channel.cmi
  OCAMLC stdlib__In_channel.cmo
  OCAMLC stdlib__Out_channel.cmi
  OCAMLC stdlib__Out_channel.cmo
  OCAMLC stdlib__Effect.cmi
  OCAMLC stdlib__Effect.cmo
  LINKC stdlib.cma
  OCAMLC std_exit.cmi
  OCAMLC std_exit.cmo
make[4]: Leaving directory '/home/fengde/SAIL/.opam/5.1.1-gcc/.opam-switch/build/ocaml-base-compiler.5.1.1/stdlib'
make[3]: Leaving directory '/home/fengde/SAIL/.opam/5.1.1-gcc/.opam-switch/build/ocaml-base-compiler.5.1.1'
make[2]: Leaving directory '/home/fengde/SAIL/.opam/5.1.1-gcc/.opam-switch/build/ocaml-base-compiler.5.1.1'
/usr/bin/make ocaml
make[2]: Entering directory '/home/fengde/SAIL/.opam/5.1.1-gcc/.opam-switch/build/ocaml-base-compiler.5.1.1'
  OCAMLC toplevel/expunge.cmi
  OCAMLC toplevel/expunge.cmo
  LINKC expunge
  OCAMLC toplevel/genprintval.cmi
  OCAMLC toplevel/topcommon.cmi
  OCAMLC toplevel/topeval.cmi
cp toplevel/topeval.cmi toplevel/topeval.mli toplevel/byte
  OCAMLC toplevel/trace.cmi
cp toplevel/trace.cmi toplevel/trace.mli toplevel/byte
  OCAMLC toplevel/toploop.cmi
  OCAMLC toplevel/topprinters.cmi
  OCAMLC toplevel/topdirs.cmi
  OCAMLC toplevel/topmain.cmi
cp toplevel/topmain.cmi toplevel/topmain.mli toplevel/byte
  OCAMLC toplevel/genprintval.cmo
  OCAMLC toplevel/topcommon.cmo
  OCAMLC toplevel/byte/topeval.cmo
  OCAMLC toplevel/byte/trace.cmo
  OCAMLC toplevel/toploop.cmo
  OCAMLC toplevel/topprinters.cmo
  OCAMLC toplevel/topdirs.cmo
  OCAMLC toplevel/byte/topmain.cmo
  LINKC compilerlibs/ocamltoplevel.cma
  OCAMLC toplevel/topstart.cmi
  OCAMLC toplevel/topstart.cmo
  LINKC ocaml.tmp
  GEN ocaml
rm ocaml.tmp
make[2]: Leaving directory '/home/fengde/SAIL/.opam/5.1.1-gcc/.opam-switch/build/ocaml-base-compiler.5.1.1'
/usr/bin/make opt-core
make[2]: Entering directory '/home/fengde/SAIL/.opam/5.1.1-gcc/.opam-switch/build/ocaml-base-compiler.5.1.1'
  CC runtime/addrmap.n.o
  CC runtime/afl.n.o
  CC runtime/alloc.n.o
Assembler messages:
Error: can't open /tmp/ccWdGxHi.s for reading: No such file or directory
make[2]: *** [Makefile:970: runtime/alloc.n.o] Error 1
make[2]: Leaving directory '/home/fengde/SAIL/.opam/5.1.1-gcc/.opam-switch/build/ocaml-base-compiler.5.1.1'
make[1]: *** [Makefile:301: opt.opt] Error 2
make[1]: Leaving directory '/home/fengde/SAIL/.opam/5.1.1-gcc/.opam-switch/build/ocaml-base-compiler.5.1.1'
make: *** [Makefile:376: world.opt] Error 2
