[auto] phase4_39: full-compatible chunk 39/48
    INFO | ****** RISCOF: RISC-V Architectural Test Framework 1.25.3 *******
    INFO | using riscv_isac version : 0.18.0
    INFO | using riscv_config version : 3.18.3
    INFO | Generating database for suite: /home/fengde/SAIL/riscv-arch-test/riscv-test-suite
    INFO | Database File Generated: /home/fengde/SAIL/riscv-arch-test/work-zabha/database.yaml
    INFO | Env path set to/home/fengde/SAIL/riscv-arch-test/riscv-test-suite/env
    INFO | Reading configuration from: /home/fengde/SAIL/riscv-arch-test/riscof-plugins/rv64/config.runtime.ini
    INFO | Preparing Models
    INFO | Input-ISA file
    INFO | ISACheck: Loading input file: /home/fengde/SAIL/riscv-arch-test/riscof-plugins/rv64/spike_simple/spike_simple_isa.yaml
    INFO | ISACheck: Load Schema /home/fengde/SAIL/.venv/lib/python3.12/site-packages/riscv_config/schemas/schema_isa.yaml
    INFO | ISACheck: Processing Hart:0
    INFO | ISACheck: Initiating Validation for Hart:0
    INFO | ISACheck: No errors for Hart:0
    INFO | ISACheck:  Updating fields node for each CSR in Hart:0
    INFO | ISACheck: Dumping out Normalized Checked YAML: /home/fengde/SAIL/riscv-arch-test/work-zabha/spike_simple_isa_checked.yaml
    INFO | Input-Platform file
    INFO | Loading input file: /home/fengde/SAIL/riscv-arch-test/riscof-plugins/rv64/spike_simple/spike_simple_platform.yaml
    INFO | Load Schema /home/fengde/SAIL/.venv/lib/python3.12/site-packages/riscv_config/schemas/schema_platform.yaml
    INFO | Initiating Validation
    INFO | No Syntax errors in Input Platform Yaml. :)
    INFO | Dumping out Normalized Checked YAML: /home/fengde/SAIL/riscv-arch-test/work-zabha/spike_simple_platform_checked.yaml
    INFO | Selecting Tests.
stage4_selected=1892
[auto] probe: no Zabha support, stage4 excludes unsupported extension tests
stage4_1_selected=40
stage4_2_selected=40
stage4_3_selected=40
stage4_4_selected=40
stage4_5_selected=40
stage4_6_selected=40
stage4_7_selected=40
stage4_8_selected=40
stage4_9_selected=40
stage4_10_selected=40
stage4_11_selected=40
stage4_12_selected=40
stage4_13_selected=40
stage4_14_selected=40
stage4_15_selected=40
stage4_16_selected=40
stage4_17_selected=40
stage4_18_selected=40
stage4_19_selected=40
stage4_20_selected=40
stage4_21_selected=40
stage4_22_selected=40
stage4_23_selected=40
stage4_24_selected=40
stage4_25_selected=40
stage4_26_selected=40
stage4_27_selected=40
stage4_28_selected=40
stage4_29_selected=40
stage4_30_selected=40
stage4_31_selected=40
stage4_32_selected=40
stage4_33_selected=40
stage4_34_selected=40
stage4_35_selected=40
stage4_36_selected=40
stage4_37_selected=40
stage4_38_selected=40
stage4_39_selected=40
stage4_40_selected=40
stage4_41_selected=40
stage4_42_selected=40
stage4_43_selected=40
stage4_44_selected=40
stage4_45_selected=40
stage4_46_selected=40
stage4_47_selected=40
stage4_48_selected=12
    INFO | ****** RISCOF: RISC-V Architectural Test Framework 1.25.3 *******
    INFO | using riscv_isac version : 0.18.0
    INFO | using riscv_config version : 3.18.3
    INFO | Reading configuration from: /home/fengde/SAIL/riscv-arch-test/riscof-plugins/rv64/config.runtime.ini
    INFO | Preparing Models
    INFO | Running Build for DUT
    INFO | Running Build for Reference
    INFO | Running Tests on DUT.
    INFO | Running Tests on Reference Model.
    INFO | Initiating signature checking.
    INFO | Following 40 tests have been run :

    INFO | TEST NAME                                          : COMMIT ID                                : STATUS
    INFO | /home/fengde/SAIL/riscv-arch-test/riscv-test-suite/rv64i_m/F/src/fcvt.l.s_b28-01.S : -                                        : Passed
    INFO | /home/fengde/SAIL/riscv-arch-test/riscv-test-suite/rv64i_m/F/src/fcvt.l.s_b29-01.S : -                                        : Passed
    INFO | /home/fengde/SAIL/riscv-arch-test/riscv-test-suite/rv64i_m/F/src/fcvt.lu.s_b1-01.S : -                                        : Passed
    INFO | /home/fengde/SAIL/riscv-arch-test/riscv-test-suite/rv64i_m/F/src/fcvt.lu.s_b22-01.S : -                                        : Passed
    INFO | /home/fengde/SAIL/riscv-arch-test/riscv-test-suite/rv64i_m/F/src/fcvt.lu.s_b23-01.S : -                                        : Passed
    INFO | /home/fengde/SAIL/riscv-arch-test/riscv-test-suite/rv64i_m/F/src/fcvt.lu.s_b24-01.S : -                                        : Passed
    INFO | /home/fengde/SAIL/riscv-arch-test/riscv-test-suite/rv64i_m/F/src/fcvt.lu.s_b27-01.S : -                                        : Passed
    INFO | /home/fengde/SAIL/riscv-arch-test/riscv-test-suite/rv64i_m/F/src/fcvt.lu.s_b28-01.S : -                                        : Passed
    INFO | /home/fengde/SAIL/riscv-arch-test/riscv-test-suite/rv64i_m/F/src/fcvt.lu.s_b29-01.S : -                                        : Passed
    INFO | /home/fengde/SAIL/riscv-arch-test/riscv-test-suite/rv64i_m/F/src/fcvt.s.l_b25-01.S : -                                        : Passed
    INFO | /home/fengde/SAIL/riscv-arch-test/riscv-test-suite/rv64i_m/F/src/fcvt.s.l_b26-01.S : -                                        : Passed
    INFO | /home/fengde/SAIL/riscv-arch-test/riscv-test-suite/rv64i_m/F/src/fcvt.s.lu_b25-01.S : -                                        : Passed
    INFO | /home/fengde/SAIL/riscv-arch-test/riscv-test-suite/rv64i_m/F/src/fcvt.s.lu_b26-01.S : -                                        : Passed
    INFO | /home/fengde/SAIL/riscv-arch-test/riscv-test-suite/rv64i_m/F_Zfa/src/fleq_b1-01.S : -                                        : Passed
    INFO | /home/fengde/SAIL/riscv-arch-test/riscv-test-suite/rv64i_m/F_Zfa/src/fleq_b19-01.S : -                                        : Passed
    INFO | /home/fengde/SAIL/riscv-arch-test/riscv-test-suite/rv64i_m/F_Zfa/src/fli.s-01.S : -                                        : Passed
    INFO | /home/fengde/SAIL/riscv-arch-test/riscv-test-suite/rv64i_m/F_Zfa/src/fltq_b1-01.S : -                                        : Passed
    INFO | /home/fengde/SAIL/riscv-arch-test/riscv-test-suite/rv64i_m/F_Zfa/src/fltq_b19-01.S : -                                        : Passed
    INFO | /home/fengde/SAIL/riscv-arch-test/riscv-test-suite/rv64i_m/F_Zfa/src/fmaxm_b1-01.S : -                                        : Passed
    INFO | /home/fengde/SAIL/riscv-arch-test/riscv-test-suite/rv64i_m/F_Zfa/src/fmaxm_b19-01.S : -                                        : Passed
    INFO | /home/fengde/SAIL/riscv-arch-test/riscv-test-suite/rv64i_m/F_Zfa/src/fminm_b1-01.S : -                                        : Passed
    INFO | /home/fengde/SAIL/riscv-arch-test/riscv-test-suite/rv64i_m/F_Zfa/src/fminm_b19-01.S : -                                        : Passed
    INFO | /home/fengde/SAIL/riscv-arch-test/riscv-test-suite/rv64i_m/F_Zfa/src/fround_b1-01.S : -                                        : Passed
    INFO | /home/fengde/SAIL/riscv-arch-test/riscv-test-suite/rv64i_m/F_Zfa/src/froundnx_b1-01.S : -                                        : Passed
    INFO | /home/fengde/SAIL/riscv-arch-test/riscv-test-suite/rv64i_m/I/src/add-01.S : -                                        : Passed
    INFO | /home/fengde/SAIL/riscv-arch-test/riscv-test-suite/rv64i_m/I/src/addi-01.S : -                                        : Passed
    INFO | /home/fengde/SAIL/riscv-arch-test/riscv-test-suite/rv64i_m/I/src/addiw-01.S : -                                        : Passed
    INFO | /home/fengde/SAIL/riscv-arch-test/riscv-test-suite/rv64i_m/I/src/addw-01.S : -                                        : Passed
    INFO | /home/fengde/SAIL/riscv-arch-test/riscv-test-suite/rv64i_m/I/src/and-01.S : -                                        : Passed
    INFO | /home/fengde/SAIL/riscv-arch-test/riscv-test-suite/rv64i_m/I/src/andi-01.S : -                                        : Passed
    INFO | /home/fengde/SAIL/riscv-arch-test/riscv-test-suite/rv64i_m/I/src/auipc-01.S : -                                        : Passed
    INFO | /home/fengde/SAIL/riscv-arch-test/riscv-test-suite/rv64i_m/I/src/beq-01.S : -                                        : Passed
    INFO | /home/fengde/SAIL/riscv-arch-test/riscv-test-suite/rv64i_m/I/src/bge-01.S : -                                        : Passed
    INFO | /home/fengde/SAIL/riscv-arch-test/riscv-test-suite/rv64i_m/I/src/bgeu-01.S : -                                        : Passed
    INFO | /home/fengde/SAIL/riscv-arch-test/riscv-test-suite/rv64i_m/I/src/blt-01.S : -                                        : Passed
    INFO | /home/fengde/SAIL/riscv-arch-test/riscv-test-suite/rv64i_m/I/src/bltu-01.S : -                                        : Passed
    INFO | /home/fengde/SAIL/riscv-arch-test/riscv-test-suite/rv64i_m/I/src/bne-01.S : -                                        : Passed
    INFO | /home/fengde/SAIL/riscv-arch-test/riscv-test-suite/rv64i_m/I/src/fence-01.S : -                                        : Passed
    INFO | /home/fengde/SAIL/riscv-arch-test/riscv-test-suite/rv64i_m/I/src/jal-01.S : -                                        : Passed
    INFO | /home/fengde/SAIL/riscv-arch-test/riscv-test-suite/rv64i_m/I/src/jalr-01.S : -                                        : Passed
    INFO | Test report generated at /home/fengde/SAIL/riscv-arch-test/work-zabha/report.html.
[auto] phase4_39 passed.
[auto] next: run the same command again for phase4_40.
