[auto] phase4_21: full-compatible chunk 21/48
    INFO | ****** RISCOF: RISC-V Architectural Test Framework 1.25.3 *******
    INFO | using riscv_isac version : 0.18.0
    INFO | using riscv_config version : 3.18.3
    INFO | Generating database for suite: /home/fengde/SAIL/riscv-arch-test/riscv-test-suite
    INFO | Database File Generated: /home/fengde/SAIL/riscv-arch-test/work-zabha/database.yaml
    INFO | Env path set to/home/fengde/SAIL/riscv-arch-test/riscv-test-suite/env
    INFO | Reading configuration from: /home/fengde/SAIL/riscv-arch-test/riscof-plugins/rv64/config.runtime.ini
    INFO | Preparing Models
    INFO | Input-ISA file
    INFO | ISACheck: Loading input file: /home/fengde/SAIL/riscv-arch-test/riscof-plugins/rv64/spike_simple/spike_simple_isa.yaml
    INFO | ISACheck: Load Schema /home/fengde/SAIL/.venv/lib/python3.12/site-packages/riscv_config/schemas/schema_isa.yaml
    INFO | ISACheck: Processing Hart:0
    INFO | ISACheck: Initiating Validation for Hart:0
    INFO | ISACheck: No errors for Hart:0
    INFO | ISACheck:  Updating fields node for each CSR in Hart:0
    INFO | ISACheck: Dumping out Normalized Checked YAML: /home/fengde/SAIL/riscv-arch-test/work-zabha/spike_simple_isa_checked.yaml
    INFO | Input-Platform file
    INFO | Loading input file: /home/fengde/SAIL/riscv-arch-test/riscof-plugins/rv64/spike_simple/spike_simple_platform.yaml
    INFO | Load Schema /home/fengde/SAIL/.venv/lib/python3.12/site-packages/riscv_config/schemas/schema_platform.yaml
    INFO | Initiating Validation
    INFO | No Syntax errors in Input Platform Yaml. :)
    INFO | Dumping out Normalized Checked YAML: /home/fengde/SAIL/riscv-arch-test/work-zabha/spike_simple_platform_checked.yaml
    INFO | Selecting Tests.
stage4_selected=1892
[auto] probe: no Zabha support, stage4 excludes unsupported extension tests
stage4_1_selected=40
stage4_2_selected=40
stage4_3_selected=40
stage4_4_selected=40
stage4_5_selected=40
stage4_6_selected=40
stage4_7_selected=40
stage4_8_selected=40
stage4_9_selected=40
stage4_10_selected=40
stage4_11_selected=40
stage4_12_selected=40
stage4_13_selected=40
stage4_14_selected=40
stage4_15_selected=40
stage4_16_selected=40
stage4_17_selected=40
stage4_18_selected=40
stage4_19_selected=40
stage4_20_selected=40
stage4_21_selected=40
stage4_22_selected=40
stage4_23_selected=40
stage4_24_selected=40
stage4_25_selected=40
stage4_26_selected=40
stage4_27_selected=40
stage4_28_selected=40
stage4_29_selected=40
stage4_30_selected=40
stage4_31_selected=40
stage4_32_selected=40
stage4_33_selected=40
stage4_34_selected=40
stage4_35_selected=40
stage4_36_selected=40
stage4_37_selected=40
stage4_38_selected=40
stage4_39_selected=40
stage4_40_selected=40
stage4_41_selected=40
stage4_42_selected=40
stage4_43_selected=40
stage4_44_selected=40
stage4_45_selected=40
stage4_46_selected=40
stage4_47_selected=40
stage4_48_selected=12
    INFO | ****** RISCOF: RISC-V Architectural Test Framework 1.25.3 *******
    INFO | using riscv_isac version : 0.18.0
    INFO | using riscv_config version : 3.18.3
    INFO | Reading configuration from: /home/fengde/SAIL/riscv-arch-test/riscof-plugins/rv64/config.runtime.ini
    INFO | Preparing Models
    INFO | Running Build for DUT
    INFO | Running Build for Reference
    INFO | Running Tests on DUT.
    INFO | Running Tests on Reference Model.
    INFO | Initiating signature checking.
    INFO | Following 40 tests have been run :

    INFO | TEST NAME                                          : COMMIT ID                                : STATUS
    INFO | /home/fengde/SAIL/riscv-arch-test/riscv-test-suite/rv32i_m/F/src/fmadd_b15/fmadd_b15-044.S : -                                        : Passed
    INFO | /home/fengde/SAIL/riscv-arch-test/riscv-test-suite/rv32i_m/F/src/fmadd_b15/fmadd_b15-045.S : -                                        : Passed
    INFO | /home/fengde/SAIL/riscv-arch-test/riscv-test-suite/rv32i_m/F/src/fmadd_b15/fmadd_b15-046.S : -                                        : Passed
    INFO | /home/fengde/SAIL/riscv-arch-test/riscv-test-suite/rv32i_m/F/src/fmadd_b15/fmadd_b15-047.S : -                                        : Passed
    INFO | /home/fengde/SAIL/riscv-arch-test/riscv-test-suite/rv32i_m/F/src/fmadd_b15/fmadd_b15-048.S : -                                        : Passed
    INFO | /home/fengde/SAIL/riscv-arch-test/riscv-test-suite/rv32i_m/F/src/fmadd_b15/fmadd_b15-049.S : -                                        : Passed
    INFO | /home/fengde/SAIL/riscv-arch-test/riscv-test-suite/rv32i_m/F/src/fmadd_b15/fmadd_b15-050.S : -                                        : Passed
    INFO | /home/fengde/SAIL/riscv-arch-test/riscv-test-suite/rv32i_m/F/src/fmadd_b16-01.S : -                                        : Passed
    INFO | /home/fengde/SAIL/riscv-arch-test/riscv-test-suite/rv32i_m/F/src/fmadd_b17-01.S : -                                        : Passed
    INFO | /home/fengde/SAIL/riscv-arch-test/riscv-test-suite/rv32i_m/F/src/fmadd_b18-01.S : -                                        : Passed
    INFO | /home/fengde/SAIL/riscv-arch-test/riscv-test-suite/rv32i_m/F/src/fmadd_b2-01.S : -                                        : Passed
    INFO | /home/fengde/SAIL/riscv-arch-test/riscv-test-suite/rv32i_m/F/src/fmadd_b3-01.S : -                                        : Passed
    INFO | /home/fengde/SAIL/riscv-arch-test/riscv-test-suite/rv32i_m/F/src/fmadd_b4-01.S : -                                        : Passed
    INFO | /home/fengde/SAIL/riscv-arch-test/riscv-test-suite/rv32i_m/F/src/fmadd_b5-01.S : -                                        : Passed
    INFO | /home/fengde/SAIL/riscv-arch-test/riscv-test-suite/rv32i_m/F/src/fmadd_b6-01.S : -                                        : Passed
    INFO | /home/fengde/SAIL/riscv-arch-test/riscv-test-suite/rv32i_m/F/src/fmadd_b7-01.S : -                                        : Passed
    INFO | /home/fengde/SAIL/riscv-arch-test/riscv-test-suite/rv32i_m/F/src/fmadd_b8-01.S : -                                        : Passed
    INFO | /home/fengde/SAIL/riscv-arch-test/riscv-test-suite/rv32i_m/F/src/fmax_b1-01.S : -                                        : Passed
    INFO | /home/fengde/SAIL/riscv-arch-test/riscv-test-suite/rv32i_m/F/src/fmax_b19-01.S : -                                        : Passed
    INFO | /home/fengde/SAIL/riscv-arch-test/riscv-test-suite/rv32i_m/F/src/fmin_b1-01.S : -                                        : Passed
    INFO | /home/fengde/SAIL/riscv-arch-test/riscv-test-suite/rv32i_m/F/src/fmin_b19-01.S : -                                        : Passed
    INFO | /home/fengde/SAIL/riscv-arch-test/riscv-test-suite/rv32i_m/F/src/fmsub_b1-01.S : -                                        : Passed
    INFO | /home/fengde/SAIL/riscv-arch-test/riscv-test-suite/rv32i_m/F/src/fmsub_b14-01.S : -                                        : Passed
    INFO | /home/fengde/SAIL/riscv-arch-test/riscv-test-suite/rv32i_m/F/src/fmsub_b15/fmsub_b15-001.S : -                                        : Passed
    INFO | /home/fengde/SAIL/riscv-arch-test/riscv-test-suite/rv32i_m/F/src/fmsub_b15/fmsub_b15-002.S : -                                        : Passed
    INFO | /home/fengde/SAIL/riscv-arch-test/riscv-test-suite/rv32i_m/F/src/fmsub_b15/fmsub_b15-003.S : -                                        : Passed
    INFO | /home/fengde/SAIL/riscv-arch-test/riscv-test-suite/rv32i_m/F/src/fmsub_b15/fmsub_b15-004.S : -                                        : Passed
    INFO | /home/fengde/SAIL/riscv-arch-test/riscv-test-suite/rv32i_m/F/src/fmsub_b15/fmsub_b15-005.S : -                                        : Passed
    INFO | /home/fengde/SAIL/riscv-arch-test/riscv-test-suite/rv32i_m/F/src/fmsub_b15/fmsub_b15-006.S : -                                        : Passed
    INFO | /home/fengde/SAIL/riscv-arch-test/riscv-test-suite/rv32i_m/F/src/fmsub_b15/fmsub_b15-007.S : -                                        : Passed
    INFO | /home/fengde/SAIL/riscv-arch-test/riscv-test-suite/rv32i_m/F/src/fmsub_b15/fmsub_b15-008.S : -                                        : Passed
    INFO | /home/fengde/SAIL/riscv-arch-test/riscv-test-suite/rv32i_m/F/src/fmsub_b15/fmsub_b15-009.S : -                                        : Passed
    INFO | /home/fengde/SAIL/riscv-arch-test/riscv-test-suite/rv32i_m/F/src/fmsub_b15/fmsub_b15-010.S : -                                        : Passed
    INFO | /home/fengde/SAIL/riscv-arch-test/riscv-test-suite/rv32i_m/F/src/fmsub_b15/fmsub_b15-011.S : -                                        : Passed
    INFO | /home/fengde/SAIL/riscv-arch-test/riscv-test-suite/rv32i_m/F/src/fmsub_b15/fmsub_b15-012.S : -                                        : Passed
    INFO | /home/fengde/SAIL/riscv-arch-test/riscv-test-suite/rv32i_m/F/src/fmsub_b15/fmsub_b15-013.S : -                                        : Passed
    INFO | /home/fengde/SAIL/riscv-arch-test/riscv-test-suite/rv32i_m/F/src/fmsub_b15/fmsub_b15-014.S : -                                        : Passed
    INFO | /home/fengde/SAIL/riscv-arch-test/riscv-test-suite/rv32i_m/F/src/fmsub_b15/fmsub_b15-015.S : -                                        : Passed
    INFO | /home/fengde/SAIL/riscv-arch-test/riscv-test-suite/rv32i_m/F/src/fmsub_b15/fmsub_b15-016.S : -                                        : Passed
    INFO | /home/fengde/SAIL/riscv-arch-test/riscv-test-suite/rv32i_m/F/src/fmsub_b15/fmsub_b15-017.S : -                                        : Passed
    INFO | Test report generated at /home/fengde/SAIL/riscv-arch-test/work-zabha/report.html.
[auto] phase4_21 passed.
[auto] next: run the same command again for phase4_22.
