[auto] phase4_36: full-compatible chunk 36/48
    INFO | ****** RISCOF: RISC-V Architectural Test Framework 1.25.3 *******
    INFO | using riscv_isac version : 0.18.0
    INFO | using riscv_config version : 3.18.3
    INFO | Generating database for suite: /home/fengde/SAIL/riscv-arch-test/riscv-test-suite
    INFO | Database File Generated: /home/fengde/SAIL/riscv-arch-test/work-zabha/database.yaml
    INFO | Env path set to/home/fengde/SAIL/riscv-arch-test/riscv-test-suite/env
    INFO | Reading configuration from: /home/fengde/SAIL/riscv-arch-test/riscof-plugins/rv64/config.runtime.ini
    INFO | Preparing Models
    INFO | Input-ISA file
    INFO | ISACheck: Loading input file: /home/fengde/SAIL/riscv-arch-test/riscof-plugins/rv64/spike_simple/spike_simple_isa.yaml
    INFO | ISACheck: Load Schema /home/fengde/SAIL/.venv/lib/python3.12/site-packages/riscv_config/schemas/schema_isa.yaml
    INFO | ISACheck: Processing Hart:0
    INFO | ISACheck: Initiating Validation for Hart:0
    INFO | ISACheck: No errors for Hart:0
    INFO | ISACheck:  Updating fields node for each CSR in Hart:0
    INFO | ISACheck: Dumping out Normalized Checked YAML: /home/fengde/SAIL/riscv-arch-test/work-zabha/spike_simple_isa_checked.yaml
    INFO | Input-Platform file
    INFO | Loading input file: /home/fengde/SAIL/riscv-arch-test/riscof-plugins/rv64/spike_simple/spike_simple_platform.yaml
    INFO | Load Schema /home/fengde/SAIL/.venv/lib/python3.12/site-packages/riscv_config/schemas/schema_platform.yaml
    INFO | Initiating Validation
    INFO | No Syntax errors in Input Platform Yaml. :)
    INFO | Dumping out Normalized Checked YAML: /home/fengde/SAIL/riscv-arch-test/work-zabha/spike_simple_platform_checked.yaml
    INFO | Selecting Tests.
stage4_selected=1892
[auto] probe: no Zabha support, stage4 excludes unsupported extension tests
stage4_1_selected=40
stage4_2_selected=40
stage4_3_selected=40
stage4_4_selected=40
stage4_5_selected=40
stage4_6_selected=40
stage4_7_selected=40
stage4_8_selected=40
stage4_9_selected=40
stage4_10_selected=40
stage4_11_selected=40
stage4_12_selected=40
stage4_13_selected=40
stage4_14_selected=40
stage4_15_selected=40
stage4_16_selected=40
stage4_17_selected=40
stage4_18_selected=40
stage4_19_selected=40
stage4_20_selected=40
stage4_21_selected=40
stage4_22_selected=40
stage4_23_selected=40
stage4_24_selected=40
stage4_25_selected=40
stage4_26_selected=40
stage4_27_selected=40
stage4_28_selected=40
stage4_29_selected=40
stage4_30_selected=40
stage4_31_selected=40
stage4_32_selected=40
stage4_33_selected=40
stage4_34_selected=40
stage4_35_selected=40
stage4_36_selected=40
stage4_37_selected=40
stage4_38_selected=40
stage4_39_selected=40
stage4_40_selected=40
stage4_41_selected=40
stage4_42_selected=40
stage4_43_selected=40
stage4_44_selected=40
stage4_45_selected=40
stage4_46_selected=40
stage4_47_selected=40
stage4_48_selected=12
    INFO | ****** RISCOF: RISC-V Architectural Test Framework 1.25.3 *******
    INFO | using riscv_isac version : 0.18.0
    INFO | using riscv_config version : 3.18.3
    INFO | Reading configuration from: /home/fengde/SAIL/riscv-arch-test/riscof-plugins/rv64/config.runtime.ini
    INFO | Preparing Models
    INFO | Running Build for DUT
    INFO | Running Build for Reference
    INFO | Running Tests on DUT.
    INFO | Running Tests on Reference Model.
    INFO | Initiating signature checking.
    INFO | Following 40 tests have been run :

    INFO | TEST NAME                                          : COMMIT ID                                : STATUS
    INFO | /home/fengde/SAIL/riscv-arch-test/riscv-test-suite/rv64i_m/B/src/sext.h-01.S : -                                        : Passed
    INFO | /home/fengde/SAIL/riscv-arch-test/riscv-test-suite/rv64i_m/B/src/sh1add-01.S : -                                        : Passed
    INFO | /home/fengde/SAIL/riscv-arch-test/riscv-test-suite/rv64i_m/B/src/sh1add.uw-01.S : -                                        : Passed
    INFO | /home/fengde/SAIL/riscv-arch-test/riscv-test-suite/rv64i_m/B/src/sh2add-01.S : -                                        : Passed
    INFO | /home/fengde/SAIL/riscv-arch-test/riscv-test-suite/rv64i_m/B/src/sh2add.uw-01.S : -                                        : Passed
    INFO | /home/fengde/SAIL/riscv-arch-test/riscv-test-suite/rv64i_m/B/src/sh3add-01.S : -                                        : Passed
    INFO | /home/fengde/SAIL/riscv-arch-test/riscv-test-suite/rv64i_m/B/src/sh3add.uw-01.S : -                                        : Passed
    INFO | /home/fengde/SAIL/riscv-arch-test/riscv-test-suite/rv64i_m/B/src/slli.uw-01.S : -                                        : Passed
    INFO | /home/fengde/SAIL/riscv-arch-test/riscv-test-suite/rv64i_m/B/src/xnor-01.S : -                                        : Passed
    INFO | /home/fengde/SAIL/riscv-arch-test/riscv-test-suite/rv64i_m/B/src/zext.h_64-01.S : -                                        : Passed
    INFO | /home/fengde/SAIL/riscv-arch-test/riscv-test-suite/rv64i_m/C/src/cadd-01.S : -                                        : Passed
    INFO | /home/fengde/SAIL/riscv-arch-test/riscv-test-suite/rv64i_m/C/src/caddi-01.S : -                                        : Passed
    INFO | /home/fengde/SAIL/riscv-arch-test/riscv-test-suite/rv64i_m/C/src/caddi16sp-01.S : -                                        : Passed
    INFO | /home/fengde/SAIL/riscv-arch-test/riscv-test-suite/rv64i_m/C/src/caddi4spn-01.S : -                                        : Passed
    INFO | /home/fengde/SAIL/riscv-arch-test/riscv-test-suite/rv64i_m/C/src/caddiw-01.S : -                                        : Passed
    INFO | /home/fengde/SAIL/riscv-arch-test/riscv-test-suite/rv64i_m/C/src/caddw-01.S : -                                        : Passed
    INFO | /home/fengde/SAIL/riscv-arch-test/riscv-test-suite/rv64i_m/C/src/cand-01.S : -                                        : Passed
    INFO | /home/fengde/SAIL/riscv-arch-test/riscv-test-suite/rv64i_m/C/src/candi-01.S : -                                        : Passed
    INFO | /home/fengde/SAIL/riscv-arch-test/riscv-test-suite/rv64i_m/C/src/cbeqz-01.S : -                                        : Passed
    INFO | /home/fengde/SAIL/riscv-arch-test/riscv-test-suite/rv64i_m/C/src/cbnez-01.S : -                                        : Passed
    INFO | /home/fengde/SAIL/riscv-arch-test/riscv-test-suite/rv64i_m/C/src/cebreak-01.S : -                                        : Passed
    INFO | /home/fengde/SAIL/riscv-arch-test/riscv-test-suite/rv64i_m/C/src/cj-01.S : -                                        : Passed
    INFO | /home/fengde/SAIL/riscv-arch-test/riscv-test-suite/rv64i_m/C/src/cjalr-01.S : -                                        : Passed
    INFO | /home/fengde/SAIL/riscv-arch-test/riscv-test-suite/rv64i_m/C/src/cjr-01.S : -                                        : Passed
    INFO | /home/fengde/SAIL/riscv-arch-test/riscv-test-suite/rv64i_m/C/src/clbu-01.S : -                                        : Passed
    INFO | /home/fengde/SAIL/riscv-arch-test/riscv-test-suite/rv64i_m/C/src/cld-01.S : -                                        : Passed
    INFO | /home/fengde/SAIL/riscv-arch-test/riscv-test-suite/rv64i_m/C/src/cldsp-01.S : -                                        : Passed
    INFO | /home/fengde/SAIL/riscv-arch-test/riscv-test-suite/rv64i_m/C/src/clh-01.S : -                                        : Passed
    INFO | /home/fengde/SAIL/riscv-arch-test/riscv-test-suite/rv64i_m/C/src/clhu-01.S : -                                        : Passed
    INFO | /home/fengde/SAIL/riscv-arch-test/riscv-test-suite/rv64i_m/C/src/cli-01.S : -                                        : Passed
    INFO | /home/fengde/SAIL/riscv-arch-test/riscv-test-suite/rv64i_m/C/src/clui-01.S : -                                        : Passed
    INFO | /home/fengde/SAIL/riscv-arch-test/riscv-test-suite/rv64i_m/C/src/clw-01.S : -                                        : Passed
    INFO | /home/fengde/SAIL/riscv-arch-test/riscv-test-suite/rv64i_m/C/src/clwsp-01.S : -                                        : Passed
    INFO | /home/fengde/SAIL/riscv-arch-test/riscv-test-suite/rv64i_m/C/src/cmul-01.S : -                                        : Passed
    INFO | /home/fengde/SAIL/riscv-arch-test/riscv-test-suite/rv64i_m/C/src/cmv-01.S : -                                        : Passed
    INFO | /home/fengde/SAIL/riscv-arch-test/riscv-test-suite/rv64i_m/C/src/cnop-01.S : -                                        : Passed
    INFO | /home/fengde/SAIL/riscv-arch-test/riscv-test-suite/rv64i_m/C/src/cnot-01.S : -                                        : Passed
    INFO | /home/fengde/SAIL/riscv-arch-test/riscv-test-suite/rv64i_m/C/src/cor-01.S : -                                        : Passed
    INFO | /home/fengde/SAIL/riscv-arch-test/riscv-test-suite/rv64i_m/C/src/csb-01.S : -                                        : Passed
    INFO | /home/fengde/SAIL/riscv-arch-test/riscv-test-suite/rv64i_m/C/src/csd-01.S : -                                        : Passed
    INFO | Test report generated at /home/fengde/SAIL/riscv-arch-test/work-zabha/report.html.
[auto] phase4_36 passed.
[auto] next: run the same command again for phase4_37.
