[auto] stage1: quick subset (toolchain-aware)
    INFO | ****** RISCOF: RISC-V Architectural Test Framework 1.25.3 *******
    INFO | using riscv_isac version : 0.18.0
    INFO | using riscv_config version : 3.18.3
    INFO | Generating database for suite: /home/fengde/SAIL/riscv-arch-test/riscv-test-suite
    INFO | Database File Generated: /home/fengde/SAIL/riscv-arch-test/work-zabha/database.yaml
    INFO | Env path set to/home/fengde/SAIL/riscv-arch-test/riscv-test-suite/env
    INFO | Reading configuration from: /home/fengde/SAIL/riscv-arch-test/riscof-plugins/rv64/config.runtime.ini
    INFO | Preparing Models
    INFO | Input-ISA file
    INFO | ISACheck: Loading input file: /home/fengde/SAIL/riscv-arch-test/riscof-plugins/rv64/spike_simple/spike_simple_isa.yaml
    INFO | ISACheck: Load Schema /home/fengde/SAIL/.venv/lib/python3.12/site-packages/riscv_config/schemas/schema_isa.yaml
    INFO | ISACheck: Processing Hart:0
    INFO | ISACheck: Initiating Validation for Hart:0
    INFO | ISACheck: No errors for Hart:0
    INFO | ISACheck:  Updating fields node for each CSR in Hart:0
    INFO | ISACheck: Dumping out Normalized Checked YAML: /home/fengde/SAIL/riscv-arch-test/work-zabha/spike_simple_isa_checked.yaml
    INFO | Input-Platform file
    INFO | Loading input file: /home/fengde/SAIL/riscv-arch-test/riscof-plugins/rv64/spike_simple/spike_simple_platform.yaml
    INFO | Load Schema /home/fengde/SAIL/.venv/lib/python3.12/site-packages/riscv_config/schemas/schema_platform.yaml
    INFO | Initiating Validation
    INFO | No Syntax errors in Input Platform Yaml. :)
    INFO | Dumping out Normalized Checked YAML: /home/fengde/SAIL/riscv-arch-test/work-zabha/spike_simple_platform_checked.yaml
    INFO | Selecting Tests.
[auto] probe: toolchain does NOT support Zabha; fallback to smoke subset
[auto] probe log: /home/fengde/SAIL/riscv-arch-test/work-zabha/zabha_probe.log
stage1_mode=smoke
stage1_selected=18
    INFO | ****** RISCOF: RISC-V Architectural Test Framework 1.25.3 *******
    INFO | using riscv_isac version : 0.18.0
    INFO | using riscv_config version : 3.18.3
    INFO | Reading configuration from: /home/fengde/SAIL/riscv-arch-test/riscof-plugins/rv64/config.runtime.ini
    INFO | Preparing Models
    INFO | Running Build for DUT
    INFO | Running Build for Reference
    INFO | Running Tests on DUT.
    INFO | Running Tests on Reference Model.
